<?xml version="1.0" encoding="UTF-8"?>
<testsuite name="tracker.CredentialValidationTest" tests="6" skipped="0" failures="0" errors="0" timestamp="2022-05-28T16:16:59" hostname="ALBERT" time="0.118">
  <properties/>
  <testcase name="testValidateFirstName1()" classname="tracker.CredentialValidationTest" time="0.09"/>
  <testcase name="testValidateFirstName2()" classname="tracker.CredentialValidationTest" time="0.001"/>
  <testcase name="testValidateFirstName3()" classname="tracker.CredentialValidationTest" time="0.003"/>
  <testcase name="testValidateFirstName4()" classname="tracker.CredentialValidationTest" time="0.005"/>
  <testcase name="testValidateFirstName5()" classname="tracker.CredentialValidationTest" time="0.006"/>
  <testcase name="testValidateFirstName6()" classname="tracker.CredentialValidationTest" time="0.002"/>
  <system-out><![CDATA[]]></system-out>
  <system-err><![CDATA[]]></system-err>
</testsuite>
